<?xml version="1.0" encoding="UTF-8"?>
<!-- Generated by org.testng.reporters.JUnitXMLReporter -->
<testsuite hostname="WKWIN1512713" ignored="5" name="Test" tests="2" failures="0" timestamp="16 Feb 2019 09:59:35 GMT" time="12.567" errors="0">
  <testcase name="launchURL" time="7.529" classname="suiteBase.Selenium"/>
  <testcase name="webTable" time="0.026" classname="suiteBase.Selenium"/>
  <testcase name="mouseHoverExample" time="0.0" classname="suiteBase.Selenium">
    <ignored/>
  </testcase> <!-- mouseHoverExample -->
  <testcase name="alertExample" time="0.0" classname="suiteBase.Selenium">
    <ignored/>
  </testcase> <!-- alertExample -->
  <testcase name="syncLogin" time="0.0" classname="suiteBase.Selenium">
    <ignored/>
  </testcase> <!-- syncLogin -->
  <testcase name="demo1" time="0.0" classname="suiteBase.demo">
    <ignored/>
  </testcase> <!-- demo1 -->
  <testcase name="windowHandle" time="0.0" classname="suiteBase.Selenium">
    <ignored/>
  </testcase> <!-- windowHandle -->
</testsuite> <!-- Test -->
