<?xml version="1.0" encoding="UTF-8"?>
<!-- Generated by org.testng.reporters.JUnitXMLReporter -->
<testsuite hostname="WKWIN1512713" ignored="0" name="My Test1" tests="2" failures="1" timestamp="21 Feb 2019 07:30:56 GMT" time="76.96" errors="0">
  <testcase name="InvalidLoginToMercury" time="11.782" classname="org.demo.selenium.test.MercuryTest">
    <failure type="java.lang.NullPointerException">
      <![CDATA[java.lang.NullPointerException
at org.demo.selenium.pages.MercuryFindFlightPage.validateMercuryFindFlightPage(MercuryFindFlightPage.java:40)
at org.demo.selenium.test.MercuryTest.InvalidLoginToMercury(MercuryTest.java:37)
... Removed 25 stack frames]]>
    </failure>
  </testcase> <!-- InvalidLoginToMercury -->
  <testcase name="ValidLoginToMercury" time="48.917" classname="org.demo.selenium.test.MercuryTest"/>
</testsuite> <!-- My Test1 -->
