<?xml version="1.0" encoding="UTF-8"?>
<testng-results skipped="0" failed="0" ignored="1" total="2" passed="1">
  <reporter-output>
  </reporter-output>
  <suite name="My Suite1" duration-ms="29291" started-at="2019-03-10T02:00:38Z" finished-at="2019-03-10T02:01:08Z">
    <groups>
    </groups>
    <test name="My Test1" duration-ms="29291" started-at="2019-03-10T02:00:38Z" finished-at="2019-03-10T02:01:08Z">
      <class name="org.demo.selenium.test.MercuryTest">
        <test-method status="PASS" signature="setUpResources()[pri:0, instance:org.demo.selenium.test.MercuryTest@4883b407]" name="setUpResources" is-config="true" duration-ms="172" started-at="2019-03-10T02:00:38Z" finished-at="2019-03-10T02:00:38Z">
          <reporter-output>
          </reporter-output>
        </test-method> <!-- setUpResources -->
        <test-method status="PASS" signature="startClass()[pri:0, instance:org.demo.selenium.test.MercuryTest@4883b407]" name="startClass" is-config="true" duration-ms="31" started-at="2019-03-10T02:00:38Z" finished-at="2019-03-10T02:00:38Z">
          <reporter-output>
          </reporter-output>
        </test-method> <!-- startClass -->
        <test-method status="PASS" signature="startMethod(java.lang.reflect.Method)[pri:0, instance:org.demo.selenium.test.MercuryTest@4883b407]" name="startMethod" is-config="true" duration-ms="12631" started-at="2019-03-10T02:00:38Z" finished-at="2019-03-10T02:00:51Z">
          <params>
            <param index="0">
              <value>
                <![CDATA[public void org.demo.selenium.test.MercuryTest.ValidLoginToMercury() throws java.lang.InterruptedException]]>
              </value>
            </param>
          </params>
          <reporter-output>
          </reporter-output>
        </test-method> <!-- startMethod -->
        <test-method status="PASS" signature="ValidLoginToMercury()[pri:0, instance:org.demo.selenium.test.MercuryTest@4883b407]" name="ValidLoginToMercury" duration-ms="15582" started-at="2019-03-10T02:00:51Z" finished-at="2019-03-10T02:01:07Z">
          <reporter-output>
          </reporter-output>
        </test-method> <!-- ValidLoginToMercury -->
        <test-method status="PASS" signature="killMethod(java.lang.reflect.Method, org.testng.ITestResult)[pri:0, instance:org.demo.selenium.test.MercuryTest@4883b407]" name="killMethod" is-config="true" duration-ms="1045" started-at="2019-03-10T02:01:07Z" finished-at="2019-03-10T02:01:08Z">
          <params>
            <param index="0">
              <value>
                <![CDATA[public void org.demo.selenium.test.MercuryTest.ValidLoginToMercury() throws java.lang.InterruptedException]]>
              </value>
            </param>
            <param index="1">
              <value>
                <![CDATA[[TestResult name=ValidLoginToMercury status=SUCCESS method=MercuryTest.ValidLoginToMercury()[pri:0, instance:org.demo.selenium.test.MercuryTest@4883b407] output={null}]]]>
              </value>
            </param>
          </params>
          <reporter-output>
          </reporter-output>
        </test-method> <!-- killMethod -->
        <test-method status="PASS" signature="killClass()[pri:0, instance:org.demo.selenium.test.MercuryTest@4883b407]" name="killClass" is-config="true" duration-ms="0" started-at="2019-03-10T02:01:08Z" finished-at="2019-03-10T02:01:08Z">
          <reporter-output>
          </reporter-output>
        </test-method> <!-- killClass -->
        <test-method status="PASS" signature="killResources()[pri:0, instance:org.demo.selenium.test.MercuryTest@4883b407]" name="killResources" is-config="true" duration-ms="31" started-at="2019-03-10T02:01:08Z" finished-at="2019-03-10T02:01:08Z">
          <reporter-output>
          </reporter-output>
        </test-method> <!-- killResources -->
      </class> <!-- org.demo.selenium.test.MercuryTest -->
    </test> <!-- My Test1 -->
  </suite> <!-- My Suite1 -->
</testng-results>
