<?xml version="1.0" encoding="UTF-8"?>
<!-- Generated by org.testng.reporters.JUnitXMLReporter -->
<testsuite hostname="WKWIN1512713" ignored="11" name="All except Smoke and Regression" tests="17" failures="1" timestamp="14 Feb 2019 13:14:53 GMT" time="4.111" errors="0">
  <testcase name="demo1" time="0.009" classname="testexercise.testng1"/>
  <testcase name="demo3" time="0.001" classname="testexercise.testng1"/>
  <testcase name="demo1" time="0.003" classname="testexample.testngbasic1"/>
  <testcase name="demo3" time="0.003" classname="testexample.testngbasic1"/>
  <testcase name="demo2" time="0.003" classname="testexercise.testng2"/>
  <testcase name="sachin1" time="0.001" classname="testexample.testngbasic2"/>
  <testcase name="sachin2" time="0.002" classname="testexample.testngbasic2"/>
  <testcase name="tc1" time="0.001" classname="testexample.testngbasic2"/>
  <testcase name="tc2" time="0.002" classname="testexample.testngbasic2"/>
  <testcase name="apiLogin4" time="0.003" classname="testexercise.testngLoginExamples"/>
  <testcase name="mobileLogin" time="4.011" classname="testexercise.testngLoginExamples">
    <failure type="org.testng.internal.thread.ThreadTimeoutException" message="Method testexercise.testngLoginExamples.mobileLogin() didn&amp;apos;t finish within the time-out 4000">
      <![CDATA[org.testng.internal.thread.ThreadTimeoutException: Method testexercise.testngLoginExamples.mobileLogin() didn't finish within the time-out 4000
at java.util.concurrent.ThreadPoolExecutor.getTask(Unknown Source)
at java.util.concurrent.ThreadPoolExecutor.runWorker(Unknown Source)
at java.util.concurrent.ThreadPoolExecutor$Worker.run(Unknown Source)
at java.lang.Thread.run(Unknown Source)
]]>
    </failure>
  </testcase> <!-- mobileLogin -->
  <testcase name="apiLogin2" time="0.001" classname="testexercise.testngLoginExamples"/>
  <testcase name="apiLogin1" time="0.0" classname="testexercise.testngLoginExamples"/>
  <testcase name="apiLogin3" time="0.0" classname="testexercise.testngLoginExamples"/>
  <testcase name="apiLogin" time="0.001" classname="testexample.testngLogin"/>
  <testcase name="mobileLogin" time="0.0" classname="testexample.testngLogin"/>
  <testcase name="webLogin" time="0.0" classname="testexample.testngLogin"/>
  <testcase name="regression3" time="0.0" classname="testexercise.testng1">
    <ignored/>
  </testcase> <!-- regression3 -->
  <testcase name="regression1" time="0.0" classname="testexercise.testng1">
    <ignored/>
  </testcase> <!-- regression1 -->
  <testcase name="smoke2" time="0.0" classname="testexample.testngbasic1">
    <ignored/>
  </testcase> <!-- smoke2 -->
  <testcase name="regression3" time="0.0" classname="testexample.testngbasic1">
    <ignored/>
  </testcase> <!-- regression3 -->
  <testcase name="regression2" time="0.0" classname="testexercise.testng1">
    <ignored/>
  </testcase> <!-- regression2 -->
  <testcase name="regression2" time="0.0" classname="testexample.testngbasic1">
    <ignored/>
  </testcase> <!-- regression2 -->
  <testcase name="regression1" time="0.0" classname="testexample.testngbasic1">
    <ignored/>
  </testcase> <!-- regression1 -->
  <testcase name="webLogin" time="0.0" classname="testexercise.testngLoginExamples">
    <ignored/>
  </testcase> <!-- webLogin -->
  <testcase name="smoke1" time="0.0" classname="testexercise.testng1">
    <ignored/>
  </testcase> <!-- smoke1 -->
  <testcase name="smoke2" time="0.0" classname="testexercise.testng1">
    <ignored/>
  </testcase> <!-- smoke2 -->
  <testcase name="smoke1" time="0.0" classname="testexample.testngbasic1">
    <ignored/>
  </testcase> <!-- smoke1 -->
</testsuite> <!-- All except Smoke and Regression -->
