<?xml version="1.0" encoding="UTF-8"?>
<!-- Generated by org.testng.reporters.JUnitXMLReporter -->
<testsuite hostname="WKWIN1512713" ignored="4" name="Regression 1" tests="4" failures="0" timestamp="14 Feb 2019 15:25:29 GMT" time="0.058" errors="0">
  <testcase name="globalData" time="0.012" classname="testexample.testngbasic1"/>
  <testcase name="regression1" time="0.002" classname="testexample.testngbasic1"/>
  <testcase name="regression2" time="0.002" classname="testexample.testngbasic1"/>
  <testcase name="regression3" time="0.002" classname="testexample.testngbasic1"/>
  <testcase name="demo1" time="0.0" classname="testexample.testngbasic1">
    <ignored/>
  </testcase> <!-- demo1 -->
  <testcase name="smoke2" time="0.0" classname="testexample.testngbasic1">
    <ignored/>
  </testcase> <!-- smoke2 -->
  <testcase name="smoke1" time="0.0" classname="testexample.testngbasic1">
    <ignored/>
  </testcase> <!-- smoke1 -->
  <testcase name="demo3" time="0.0" classname="testexample.testngbasic1">
    <ignored/>
  </testcase> <!-- demo3 -->
</testsuite> <!-- Regression 1 -->
