<?xml version="1.0" encoding="UTF-8"?>
<!-- Generated by org.testng.reporters.JUnitXMLReporter -->
<testsuite hostname="WKWIN1512713" ignored="8" name="Regression" tests="6" failures="0" timestamp="14 Feb 2019 13:40:39 GMT" time="0.065" errors="0">
  <testcase name="regression1" time="0.01" classname="testexample.testngbasic1"/>
  <testcase name="regression2" time="0.002" classname="testexample.testngbasic1"/>
  <testcase name="regression3" time="0.002" classname="testexample.testngbasic1"/>
  <testcase name="regression1" time="0.002" classname="testexercise.testng1"/>
  <testcase name="regression2" time="0.001" classname="testexercise.testng1"/>
  <testcase name="regression3" time="0.003" classname="testexercise.testng1"/>
  <testcase name="demo1" time="0.0" classname="testexample.testngbasic1">
    <ignored/>
  </testcase> <!-- demo1 -->
  <testcase name="smoke2" time="0.0" classname="testexample.testngbasic1">
    <ignored/>
  </testcase> <!-- smoke2 -->
  <testcase name="demo1" time="0.0" classname="testexercise.testng1">
    <ignored/>
  </testcase> <!-- demo1 -->
  <testcase name="smoke1" time="0.0" classname="testexercise.testng1">
    <ignored/>
  </testcase> <!-- smoke1 -->
  <testcase name="demo3" time="0.0" classname="testexercise.testng1">
    <ignored/>
  </testcase> <!-- demo3 -->
  <testcase name="smoke2" time="0.0" classname="testexercise.testng1">
    <ignored/>
  </testcase> <!-- smoke2 -->
  <testcase name="smoke1" time="0.0" classname="testexample.testngbasic1">
    <ignored/>
  </testcase> <!-- smoke1 -->
  <testcase name="demo3" time="0.0" classname="testexample.testngbasic1">
    <ignored/>
  </testcase> <!-- demo3 -->
</testsuite> <!-- Regression -->
