<?xml version="1.0" encoding="UTF-8"?>
<!-- Generated by org.testng.reporters.JUnitXMLReporter -->
<testsuite hostname="WKWIN1512713" ignored="22" name="Smoke" tests="6" failures="0" timestamp="14 Feb 2019 12:59:26 GMT" time="0.057" errors="0">
  <testcase name="regression1" time="0.009" classname="testexercise.testng1"/>
  <testcase name="regression2" time="0.004" classname="testexercise.testng1"/>
  <testcase name="regression3" time="0.001" classname="testexercise.testng1"/>
  <testcase name="regression1" time="0.002" classname="testexample.testngbasic1"/>
  <testcase name="regression2" time="0.001" classname="testexample.testngbasic1"/>
  <testcase name="regression3" time="0.002" classname="testexample.testngbasic1"/>
  <testcase name="sachin1" time="0.0" classname="testexample.testngbasic2">
    <ignored/>
  </testcase> <!-- sachin1 -->
  <testcase name="apiLogin1" time="0.0" classname="testexercise.testngLoginExamples">
    <ignored/>
  </testcase> <!-- apiLogin1 -->
  <testcase name="apiLogin2" time="0.0" classname="testexercise.testngLoginExamples">
    <ignored/>
  </testcase> <!-- apiLogin2 -->
  <testcase name="tc1" time="0.0" classname="testexample.testngbasic2">
    <ignored/>
  </testcase> <!-- tc1 -->
  <testcase name="demo1" time="0.0" classname="testexercise.testng1">
    <ignored/>
  </testcase> <!-- demo1 -->
  <testcase name="demo2" time="0.0" classname="testexercise.testng2">
    <ignored/>
  </testcase> <!-- demo2 -->
  <testcase name="apiLogin4" time="0.0" classname="testexercise.testngLoginExamples">
    <ignored/>
  </testcase> <!-- apiLogin4 -->
  <testcase name="mobileLogin" time="0.0" classname="testexample.testngLogin">
    <ignored/>
  </testcase> <!-- mobileLogin -->
  <testcase name="apiLogin" time="0.0" classname="testexample.testngLogin">
    <ignored/>
  </testcase> <!-- apiLogin -->
  <testcase name="smoke1" time="0.0" classname="testexercise.testng1">
    <ignored/>
  </testcase> <!-- smoke1 -->
  <testcase name="smoke2" time="0.0" classname="testexercise.testng1">
    <ignored/>
  </testcase> <!-- smoke2 -->
  <testcase name="apiLogin3" time="0.0" classname="testexercise.testngLoginExamples">
    <ignored/>
  </testcase> <!-- apiLogin3 -->
  <testcase name="tc2" time="0.0" classname="testexample.testngbasic2">
    <ignored/>
  </testcase> <!-- tc2 -->
  <testcase name="demo3" time="0.0" classname="testexample.testngbasic1">
    <ignored/>
  </testcase> <!-- demo3 -->
  <testcase name="demo1" time="0.0" classname="testexample.testngbasic1">
    <ignored/>
  </testcase> <!-- demo1 -->
  <testcase name="smoke2" time="0.0" classname="testexample.testngbasic1">
    <ignored/>
  </testcase> <!-- smoke2 -->
  <testcase name="webLogin" time="0.0" classname="testexercise.testngLoginExamples">
    <ignored/>
  </testcase> <!-- webLogin -->
  <testcase name="mobileLogin" time="0.0" classname="testexercise.testngLoginExamples">
    <ignored/>
  </testcase> <!-- mobileLogin -->
  <testcase name="demo3" time="0.0" classname="testexercise.testng1">
    <ignored/>
  </testcase> <!-- demo3 -->
  <testcase name="webLogin" time="0.0" classname="testexample.testngLogin">
    <ignored/>
  </testcase> <!-- webLogin -->
  <testcase name="smoke1" time="0.0" classname="testexample.testngbasic1">
    <ignored/>
  </testcase> <!-- smoke1 -->
  <testcase name="sachin2" time="0.0" classname="testexample.testngbasic2">
    <ignored/>
  </testcase> <!-- sachin2 -->
</testsuite> <!-- Smoke -->
