<?xml version="1.0" encoding="UTF-8"?>
<!-- Generated by org.testng.reporters.JUnitXMLReporter -->
<testsuite hostname="WKWIN1512713" ignored="3" name="Test Example 1" tests="3" failures="0" timestamp="14 Feb 2019 12:48:35 GMT" time="0.035" errors="0">
  <testcase name="tc1" time="0.006" classname="testexample.testngbasic2"/>
  <testcase name="tc2" time="0.002" classname="testexample.testngbasic2"/>
  <testcase name="demo1" time="0.001" classname="testexample.testngbasic1"/>
  <testcase name="sachin1" time="0.0" classname="testexample.testngbasic2">
    <ignored/>
  </testcase> <!-- sachin1 -->
  <testcase name="sachin2" time="0.0" classname="testexample.testngbasic2">
    <ignored/>
  </testcase> <!-- sachin2 -->
  <testcase name="demo3" time="0.0" classname="testexample.testngbasic1">
    <ignored/>
  </testcase> <!-- demo3 -->
</testsuite> <!-- Test Example 1 -->
