<?xml version="1.0" encoding="UTF-8"?>
<!-- Generated by org.testng.reporters.JUnitXMLReporter -->
<testsuite hostname="WKWIN1512713" ignored="0" name="Test Example" tests="6" failures="0" timestamp="14 Feb 2019 11:48:22 GMT" time="0.07" errors="0">
  <testcase name="demo1" time="0.009" classname="testexample.testngbasic1"/>
  <testcase name="demo3" time="0.001" classname="testexample.testngbasic1"/>
  <testcase name="demo2" time="0.003" classname="testexample.testngbasic2"/>
  <testcase name="apiLogin" time="0.001" classname="testexample.testngLogin"/>
  <testcase name="mobileLogin" time="0.001" classname="testexample.testngLogin"/>
  <testcase name="webLogin" time="0.004" classname="testexample.testngLogin"/>
</testsuite> <!-- Test Example -->
