<?xml version="1.0" encoding="UTF-8"?>
<!-- Generated by org.testng.reporters.JUnitXMLReporter -->
<testsuite hostname="WKWIN1512713" ignored="2" name="Test Example 2" tests="1" failures="0" timestamp="14 Feb 2019 12:48:35 GMT" time="0.007" errors="0">
  <testcase name="webLogin" time="0.003" classname="testexample.testngLogin"/>
  <testcase name="mobileLogin" time="0.0" classname="testexample.testngLogin">
    <ignored/>
  </testcase> <!-- mobileLogin -->
  <testcase name="apiLogin" time="0.0" classname="testexample.testngLogin">
    <ignored/>
  </testcase> <!-- apiLogin -->
</testsuite> <!-- Test Example 2 -->
