<?xml version="1.0" encoding="UTF-8"?>
<!-- Generated by org.testng.reporters.JUnitXMLReporter -->
<testsuite hostname="WKWIN1512713" ignored="0" name="Test Exercise" tests="9" failures="0" timestamp="14 Feb 2019 12:48:35 GMT" time="0.025" errors="0">
  <testcase name="demo1" time="0.001" classname="testexercise.testng1"/>
  <testcase name="demo3" time="0.002" classname="testexercise.testng1"/>
  <testcase name="demo2" time="0.001" classname="testexercise.testng2"/>
  <testcase name="apiLogin1" time="0.001" classname="testexercise.testngLoginExamples"/>
  <testcase name="apiLogin2" time="0.002" classname="testexercise.testngLoginExamples"/>
  <testcase name="apiLogin3" time="0.001" classname="testexercise.testngLoginExamples"/>
  <testcase name="apiLogin4" time="0.001" classname="testexercise.testngLoginExamples"/>
  <testcase name="mobileLogin" time="0.001" classname="testexercise.testngLoginExamples"/>
  <testcase name="webLogin" time="0.001" classname="testexercise.testngLoginExamples"/>
</testsuite> <!-- Test Exercise -->
