<?xml version="1.0" encoding="UTF-8"?>
<!-- Generated by org.testng.reporters.JUnitXMLReporter -->
<testsuite hostname="WKWIN1512713" ignored="0" name="Altoro Mutual Test" tests="4" failures="0" timestamp="13 Mar 2019 13:40:33 GMT" time="19.657" errors="0">
  <testcase name="login_page_test" time="3.68" classname="assessment_AltoroMutual_Tests.AltoroMutual_Test"/>
  <testcase name="online_banking_home_page_test" time="1.55" classname="assessment_AltoroMutual_Tests.AltoroMutual_Test"/>
  <testcase name="transfer_fund_page_test" time="1.526" classname="assessment_AltoroMutual_Tests.AltoroMutual_Test"/>
  <testcase name="account_information_page_test" time="3.67" classname="assessment_AltoroMutual_Tests.AltoroMutual_Test"/>
</testsuite> <!-- Altoro Mutual Test -->
