<?xml version="1.0" encoding="UTF-8"?>
<!-- Generated by org.testng.reporters.JUnitXMLReporter -->
<testsuite hostname="WKWIN1512713" ignored="2" name="Facebook Test" tests="2" failures="0" timestamp="10 Mar 2019 13:55:03 GMT" time="104.486" errors="0">
  <testcase name="login_page_test" time="58.518" classname="assessment_AltoroMutual_Tests.AltoroMutual_Test"/>
  <testcase name="online_banking_home_page_test" time="19.5" classname="assessment_AltoroMutual_Tests.AltoroMutual_Test"/>
  <testcase name="account_information_page_test" time="0.0" classname="assessment_AltoroMutual_Tests.AltoroMutual_Test">
    <ignored/>
  </testcase> <!-- account_information_page_test -->
  <testcase name="transfer_fund_page_test" time="0.0" classname="assessment_AltoroMutual_Tests.AltoroMutual_Test">
    <ignored/>
  </testcase> <!-- transfer_fund_page_test -->
</testsuite> <!-- Facebook Test -->
