<?xml version="1.0" encoding="UTF-8"?>
<!-- Generated by org.testng.reporters.JUnitXMLReporter -->
<testsuite hostname="WKWIN1512713" ignored="0" name="Default test" tests="3" failures="0" timestamp="14 Feb 2019 12:23:52 GMT" time="0.047" errors="0">
  <testcase name="apiLogin" time="0.007" classname="testexample.testngLogin"/>
  <testcase name="mobileLogin" time="0.002" classname="testexample.testngLogin"/>
  <testcase name="webLogin" time="0.002" classname="testexample.testngLogin"/>
</testsuite> <!-- Default test -->
