<?xml version="1.0" encoding="UTF-8"?>
<!-- Generated by org.testng.reporters.JUnitXMLReporter -->
<testsuite hostname="WKWIN1512713" ignored="0" name="Default test" tests="4" failures="0" timestamp="10 Mar 2019 18:00:02 GMT" time="27.131" errors="0">
  <testcase name="login_page_test" time="12.645" classname="assessment_AltoroMutual_Tests.AltoroMutual_Test"/>
  <testcase name="online_banking_home_page_test" time="2.224" classname="assessment_AltoroMutual_Tests.AltoroMutual_Test"/>
  <testcase name="transfer_fund_page_test" time="1.435" classname="assessment_AltoroMutual_Tests.AltoroMutual_Test"/>
  <testcase name="account_information_page_test" time="3.007" classname="assessment_AltoroMutual_Tests.AltoroMutual_Test"/>
</testsuite> <!-- Default test -->
