<?xml version="1.0" encoding="UTF-8"?>
<!-- Generated by org.testng.reporters.JUnitXMLReporter -->
<testsuite hostname="WKWIN1512713" ignored="4" name="Selenium" tests="2" failures="0" timestamp="16 Feb 2019 07:19:26 GMT" time="0.051" errors="0">
  <testcase name="launchURL" time="0.012" classname="suiteBase.SeleniumTest"/>
  <testcase name="alertExample" time="0.007" classname="suiteBase.SeleniumTest"/>
  <testcase name="mouseHoverExample" time="0.0" classname="suiteBase.SeleniumTest">
    <ignored/>
  </testcase> <!-- mouseHoverExample -->
  <testcase name="syncLogin" time="0.0" classname="suiteBase.SeleniumTest">
    <ignored/>
  </testcase> <!-- syncLogin -->
  <testcase name="demo1" time="0.0" classname="suiteBase.demo">
    <ignored/>
  </testcase> <!-- demo1 -->
  <testcase name="windowHandle" time="0.0" classname="suiteBase.SeleniumTest">
    <ignored/>
  </testcase> <!-- windowHandle -->
</testsuite> <!-- Selenium -->
