<?xml version="1.0" encoding="UTF-8"?>
<testng-results skipped="0" failed="0" ignored="0" total="1" passed="1">
  <reporter-output>
  </reporter-output>
  <suite name="Default suite" duration-ms="2531" started-at="2019-03-13T18:44:11Z" finished-at="2019-03-13T18:44:14Z">
    <groups>
    </groups>
    <test name="Default test" duration-ms="2531" started-at="2019-03-13T18:44:11Z" finished-at="2019-03-13T18:44:14Z">
      <class name="Basics2">
        <test-method status="PASS" signature="restdemo()[pri:0, instance:Basics2@685cb137]" name="restdemo" duration-ms="2504" started-at="2019-03-13T18:44:11Z" finished-at="2019-03-13T18:44:14Z">
          <reporter-output>
          </reporter-output>
        </test-method> <!-- restdemo -->
      </class> <!-- Basics2 -->
    </test> <!-- Default test -->
  </suite> <!-- Default suite -->
</testng-results>
