<?xml version="1.0" encoding="UTF-8"?>
<!-- Generated by org.testng.reporters.JUnitXMLReporter -->
<testsuite hostname="WKWIN1512713" ignored="1" name="My Test1" tests="1" failures="0" timestamp="10 Mar 2019 02:01:08 GMT" time="29.291" errors="0">
  <testcase name="ValidLoginToMercury" time="15.582" classname="org.demo.selenium.test.MercuryTest"/>
  <testcase name="InvalidLoginToMercury" time="0.0" classname="org.demo.selenium.test.MercuryTest">
    <ignored/>
  </testcase> <!-- InvalidLoginToMercury -->
</testsuite> <!-- My Test1 -->
