<?xml version="1.0" encoding="UTF-8"?>
<testng-results skipped="0" failed="0" ignored="0" total="4" passed="4">
  <reporter-output>
    <line>
      <![CDATA[<br>Element is present having locater: -> xpath: //img[@src='/images/logo.gif']]]]>
    </line>
    <line>
      <![CDATA[<br>Element is present having locater: -> link text: ONLINE BANKING LOGIN]]]>
    </line>
    <line>
      <![CDATA[<br>With Value : ONLINE BANKING LOGIN<br> : Passed]]>
    </line>
    <line>
      <![CDATA[<br>Element is present having locater: -> css selector: #LinkHeader2]]]>
    </line>
    <line>
      <![CDATA[<br>With Value : PERSONAL<br> : Passed]]>
    </line>
    <line>
      <![CDATA[<br>Element is present having locater: -> css selector: #LinkHeader3]]]>
    </line>
    <line>
      <![CDATA[<br>With Value : SMALL BUSINESS<br> : Passed]]>
    </line>
    <line>
      <![CDATA[<br>Element is present having locater: -> css selector: #LinkHeader4]]]>
    </line>
    <line>
      <![CDATA[<br>With Value : INSIDE ALTORO MUTUAL<br> : Passed]]>
    </line>
    <line>
      <![CDATA[<br>Element is present having locater: -> link text: ONLINE BANKING LOGIN]]]>
    </line>
    <line>
      <![CDATA[<br>With Value : ONLINE BANKING LOGIN<br> : Passed]]>
    </line>
    <line>
      <![CDATA[<br>Element is present having locater: -> css selector: #LinkHeader2]]]>
    </line>
    <line>
      <![CDATA[<br>With Value : PERSONAL<br> : Passed]]>
    </line>
    <line>
      <![CDATA[<br>Element is present having locater: -> css selector: #LinkHeader3]]]>
    </line>
    <line>
      <![CDATA[<br>With Value : SMALL BUSINESS<br> : Passed]]>
    </line>
    <line>
      <![CDATA[<br>Element is present having locater: -> css selector: #LinkHeader4]]]>
    </line>
    <line>
      <![CDATA[<br>With Value : INSIDE ALTORO MUTUAL<br> : Passed]]>
    </line>
    <line>
      <![CDATA[<br>Credentials Set successfully : Passed]]>
    </line>
    <line>
      <![CDATA[<br>Clicked on Element having locater : -> xpath: //input[@value='Login']] : Passed]]>
    </line>
    <line>
      <![CDATA[<br>Element is present having locater: -> xpath: //span[@id='_ctl0__ctl0_Content_Main_message']]]]>
    </line>
    <line>
      <![CDATA[<br>With Value : Login Failed: We're sorry, but this username or password was not found in our system. Please try again.<br> : Passed]]>
    </line>
    <line>
      <![CDATA[<br>Element is present having locater: -> xpath: //span[@id='_ctl0__ctl0_Content_Main_message']]]]>
    </line>
    <line>
      <![CDATA[<br>With Value : Login Failed: We're sorry, but this username or password was not found in our system. Please try again.<br> : Passed]]>
    </line>
    <line>
      <![CDATA[<br>Credentials Set successfully : Passed]]>
    </line>
    <line>
      <![CDATA[<br>Clicked on Element having locater : -> xpath: //input[@value='Login']] : Passed]]>
    </line>
    <line>
      <![CDATA[<br>Element is present having locater: -> xpath: //h1[contains(text(),'Hello John Smith')]]]]>
    </line>
    <line>
      <![CDATA[<br>With Value : Hello John Smith<br> : Passed]]>
    </line>
    <line>
      <![CDATA[<br>Element is present having locater: -> xpath: //h1[contains(text(),'Hello John Smith')]]]]>
    </line>
    <line>
      <![CDATA[<br>With Value : Hello John Smith<br> : Passed]]>
    </line>
    <line>
      <![CDATA[LOGIN_PAGE_TEST : Passed]]>
    </line>
    <line>
      <![CDATA[<br>Element is present having locater: -> xpath: //select[@name='listAccounts']]]]>
    </line>
    <line>
      <![CDATA[<br>With Value :     800002 Savings
800003 Checking
4539082039396288 Credit Card
     <br> : Passed]]>
    </line>
    <line>
      <![CDATA[<br>Element is selected having locater :  -> xpath: //select[@name='listAccounts']] and Value : 800003]]>
    </line>
    <line>
      <![CDATA[<br>With Value :     800002 Savings
800003 Checking
4539082039396288 Credit Card
     <br> : Passed]]>
    </line>
    <line>
      <![CDATA[<br>Clicked on Element having locater : -> xpath: //input[@id='btnGetAccount']] : Passed]]>
    </line>
    <line>
      <![CDATA[<br>Element is present having locater: -> xpath: //h1[contains(text(),'Account History -')]]]]>
    </line>
    <line>
      <![CDATA[<br>With Value : Account History - 800003 Checking<br> : Passed]]>
    </line>
    <line>
      <![CDATA[<br>Element is present having locater: -> xpath: //h1[contains(text(),'Account History -')]]]]>
    </line>
    <line>
      <![CDATA[<br>With Value : Account History - 800003 Checking<br> : Passed]]>
    </line>
    <line>
      <![CDATA[<br>String contains Today's Date : Ending balance as of 3/13/19 8:40 AM : Passed]]>
    </line>
    <line>
      <![CDATA[<br>String contains Today's Date : Ending balance as of 3/13/19 8:40 AM : Passed]]>
    </line>
    <line>
      <![CDATA[ONLINE_BANKING_HOME_PAGE_TEST : Passed]]>
    </line>
    <line>
      <![CDATA[<br>Clicked on Element having locater : -> xpath: //a[contains(text(),'Transfer Funds')]] : Passed]]>
    </line>
    <line>
      <![CDATA[<br>Element is present having locater: -> xpath: //h1[contains(text(),'Transfer Funds')]]]]>
    </line>
    <line>
      <![CDATA[<br>With Value : Transfer Funds<br> : Passed]]>
    </line>
    <line>
      <![CDATA[<br>Element is selected having locater :  -> xpath: //select[@id='fromAccount']] and Value : 800003]]>
    </line>
    <line>
      <![CDATA[<br>With Value :     800002 Savings
800003 Checking
4539082039396288 Credit Card
     <br> : Passed]]>
    </line>
    <line>
      <![CDATA[<br>Element is selected having locater :  -> css selector: #toAccount] and Value : 800002]]>
    </line>
    <line>
      <![CDATA[<br>With Value :     800002 Savings
800003 Checking
4539082039396288 Credit Card
     <br> : Passed]]>
    </line>
    <line>
      <![CDATA[Sendkeys performed on Element haveing locater :  -> css selector: #transferAmount]]]>
    </line>
    <line>
      <![CDATA[<br>Clicked on Element having locater : -> xpath: //input[@value='Transfer Money']] : Passed]]>
    </line>
    <line>
      <![CDATA[<br>Element is present having locater: -> xpath: //span[contains(text(),'was successfully transferred from Account')]]]]>
    </line>
    <line>
      <![CDATA[<br>With Value : 1010.0 was successfully transferred from Account 800003 into Account 800002 at 3/13/19 8:40 AM.<br> : Passed]]>
    </line>
    <line>
      <![CDATA[TRANSFER_FUND_PAGE_TEST : Passed]]>
    </line>
    <line>
      <![CDATA[<br>Clicked on Element having locater : -> link text: View Account Summary] : Passed]]>
    </line>
    <line>
      <![CDATA[<br>Element is selected having locater :  -> xpath: //select[@name='listAccounts']] and Value : 800003]]>
    </line>
    <line>
      <![CDATA[<br>With Value :     800002 Savings
800003 Checking
4539082039396288 Credit Card
     <br> : Passed]]>
    </line>
    <line>
      <![CDATA[<br>Clicked on Element having locater : -> xpath: //input[@id='btnGetAccount']] : Passed]]>
    </line>
    <line>
      <![CDATA[<br>Transaction Found :  : 2019-03-13      : Withdrawal      : -$1010.00      : Passed]]>
    </line>
    <line>
      <![CDATA[<br>Element is selected having locater :  -> xpath: //select[@name='listAccounts']] and Value : 800002]]>
    </line>
    <line>
      <![CDATA[<br>With Value :        800003 Checking
800002 Savings
4539082039396288 Credit Card
      <br> : Passed]]>
    </line>
    <line>
      <![CDATA[<br>Clicked on Element having locater : -> xpath: //input[@id='btnGetAccount']] : Passed]]>
    </line>
    <line>
      <![CDATA[<br>Transaction Found :  : 2019-03-13      : Deposit      : $1010.00      : Passed]]>
    </line>
    <line>
      <![CDATA[<br>Clicked on Element having locater : -> xpath: //font[contains(text(),'Sign Off')]] : Passed]]>
    </line>
    <line>
      <![CDATA[<br>Element is present having locater: -> xpath: //font[contains(text(),'Sign In')]]]]>
    </line>
    <line>
      <![CDATA[<br>With Value : Sign In<br> : Passed]]>
    </line>
    <line>
      <![CDATA[ACCOUNT_INFORMATION_PAGE_TEST : Passed]]>
    </line>
  </reporter-output>
  <suite name="AltoroMutual Automation Execution" duration-ms="19657" started-at="2019-03-13T13:40:13Z" finished-at="2019-03-13T13:40:33Z">
    <groups>
    </groups>
    <test name="Altoro Mutual Test" duration-ms="19657" started-at="2019-03-13T13:40:13Z" finished-at="2019-03-13T13:40:33Z">
      <class name="assessment_AltoroMutual_Tests.AltoroMutual_Test">
        <test-method status="PASS" signature="setUpResources()[pri:0, instance:assessment_AltoroMutual_Tests.AltoroMutual_Test@4cf777e8]" name="setUpResources" is-config="true" duration-ms="156" started-at="2019-03-13T13:40:13Z" finished-at="2019-03-13T13:40:13Z">
          <reporter-output>
          </reporter-output>
        </test-method> <!-- setUpResources -->
        <test-method status="PASS" signature="startClass()[pri:0, instance:assessment_AltoroMutual_Tests.AltoroMutual_Test@4cf777e8]" name="startClass" is-config="true" duration-ms="7932" started-at="2019-03-13T13:40:13Z" finished-at="2019-03-13T13:40:21Z">
          <reporter-output>
          </reporter-output>
        </test-method> <!-- startClass -->
        <test-method status="PASS" signature="startMethod(java.lang.reflect.Method)[pri:0, instance:assessment_AltoroMutual_Tests.AltoroMutual_Test@4cf777e8]" name="startMethod" is-config="true" duration-ms="7" started-at="2019-03-13T13:40:21Z" finished-at="2019-03-13T13:40:21Z">
          <params>
            <param index="0">
              <value>
                <![CDATA[public void assessment_AltoroMutual_Tests.AltoroMutual_Test.login_page_test()]]>
              </value>
            </param>
          </params>
          <reporter-output>
          </reporter-output>
        </test-method> <!-- startMethod -->
        <test-method status="PASS" signature="login_page_test()[pri:0, instance:assessment_AltoroMutual_Tests.AltoroMutual_Test@4cf777e8]" name="login_page_test" duration-ms="3680" started-at="2019-03-13T13:40:21Z" finished-at="2019-03-13T13:40:25Z">
          <reporter-output>
            <line>
              <![CDATA[<br>Element is present having locater: -> xpath: //img[@src='/images/logo.gif']]]]>
            </line>
            <line>
              <![CDATA[<br>Element is present having locater: -> link text: ONLINE BANKING LOGIN]]]>
            </line>
            <line>
              <![CDATA[<br>With Value : ONLINE BANKING LOGIN<br> : Passed]]>
            </line>
            <line>
              <![CDATA[<br>Element is present having locater: -> css selector: #LinkHeader2]]]>
            </line>
            <line>
              <![CDATA[<br>With Value : PERSONAL<br> : Passed]]>
            </line>
            <line>
              <![CDATA[<br>Element is present having locater: -> css selector: #LinkHeader3]]]>
            </line>
            <line>
              <![CDATA[<br>With Value : SMALL BUSINESS<br> : Passed]]>
            </line>
            <line>
              <![CDATA[<br>Element is present having locater: -> css selector: #LinkHeader4]]]>
            </line>
            <line>
              <![CDATA[<br>With Value : INSIDE ALTORO MUTUAL<br> : Passed]]>
            </line>
            <line>
              <![CDATA[<br>Element is present having locater: -> link text: ONLINE BANKING LOGIN]]]>
            </line>
            <line>
              <![CDATA[<br>With Value : ONLINE BANKING LOGIN<br> : Passed]]>
            </line>
            <line>
              <![CDATA[<br>Element is present having locater: -> css selector: #LinkHeader2]]]>
            </line>
            <line>
              <![CDATA[<br>With Value : PERSONAL<br> : Passed]]>
            </line>
            <line>
              <![CDATA[<br>Element is present having locater: -> css selector: #LinkHeader3]]]>
            </line>
            <line>
              <![CDATA[<br>With Value : SMALL BUSINESS<br> : Passed]]>
            </line>
            <line>
              <![CDATA[<br>Element is present having locater: -> css selector: #LinkHeader4]]]>
            </line>
            <line>
              <![CDATA[<br>With Value : INSIDE ALTORO MUTUAL<br> : Passed]]>
            </line>
            <line>
              <![CDATA[<br>Credentials Set successfully : Passed]]>
            </line>
            <line>
              <![CDATA[<br>Clicked on Element having locater : -> xpath: //input[@value='Login']] : Passed]]>
            </line>
            <line>
              <![CDATA[<br>Element is present having locater: -> xpath: //span[@id='_ctl0__ctl0_Content_Main_message']]]]>
            </line>
            <line>
              <![CDATA[<br>With Value : Login Failed: We're sorry, but this username or password was not found in our system. Please try again.<br> : Passed]]>
            </line>
            <line>
              <![CDATA[<br>Element is present having locater: -> xpath: //span[@id='_ctl0__ctl0_Content_Main_message']]]]>
            </line>
            <line>
              <![CDATA[<br>With Value : Login Failed: We're sorry, but this username or password was not found in our system. Please try again.<br> : Passed]]>
            </line>
            <line>
              <![CDATA[<br>Credentials Set successfully : Passed]]>
            </line>
            <line>
              <![CDATA[<br>Clicked on Element having locater : -> xpath: //input[@value='Login']] : Passed]]>
            </line>
            <line>
              <![CDATA[<br>Element is present having locater: -> xpath: //h1[contains(text(),'Hello John Smith')]]]]>
            </line>
            <line>
              <![CDATA[<br>With Value : Hello John Smith<br> : Passed]]>
            </line>
            <line>
              <![CDATA[<br>Element is present having locater: -> xpath: //h1[contains(text(),'Hello John Smith')]]]]>
            </line>
            <line>
              <![CDATA[<br>With Value : Hello John Smith<br> : Passed]]>
            </line>
            <line>
              <![CDATA[LOGIN_PAGE_TEST : Passed]]>
            </line>
          </reporter-output>
        </test-method> <!-- login_page_test -->
        <test-method status="PASS" signature="killMethod(java.lang.reflect.Method, org.testng.ITestResult)[pri:0, instance:assessment_AltoroMutual_Tests.AltoroMutual_Test@4cf777e8]" name="killMethod" is-config="true" duration-ms="337" started-at="2019-03-13T13:40:25Z" finished-at="2019-03-13T13:40:25Z">
          <params>
            <param index="0">
              <value>
                <![CDATA[public void assessment_AltoroMutual_Tests.AltoroMutual_Test.login_page_test()]]>
              </value>
            </param>
            <param index="1">
              <value>
                <![CDATA[[TestResult name=login_page_test status=SUCCESS method=AltoroMutual_Test.login_page_test()[pri:0, instance:assessment_AltoroMutual_Tests.AltoroMutual_Test@4cf777e8] output=<br>Element is present having locater: -> xpath: //img[@src='/images/logo.gif']]]]]>
              </value>
            </param>
          </params>
          <reporter-output>
          </reporter-output>
        </test-method> <!-- killMethod -->
        <test-method status="PASS" signature="startMethod(java.lang.reflect.Method)[pri:0, instance:assessment_AltoroMutual_Tests.AltoroMutual_Test@4cf777e8]" name="startMethod" is-config="true" duration-ms="15" started-at="2019-03-13T13:40:25Z" finished-at="2019-03-13T13:40:25Z">
          <params>
            <param index="0">
              <value>
                <![CDATA[public void assessment_AltoroMutual_Tests.AltoroMutual_Test.online_banking_home_page_test()]]>
              </value>
            </param>
          </params>
          <reporter-output>
          </reporter-output>
        </test-method> <!-- startMethod -->
        <test-method status="PASS" signature="online_banking_home_page_test()[pri:0, instance:assessment_AltoroMutual_Tests.AltoroMutual_Test@4cf777e8]" name="online_banking_home_page_test" duration-ms="1550" started-at="2019-03-13T13:40:25Z" depends-on-methods="assessment_AltoroMutual_Tests.AltoroMutual_Test.login_page_test" finished-at="2019-03-13T13:40:27Z">
          <reporter-output>
            <line>
              <![CDATA[<br>Element is present having locater: -> xpath: //select[@name='listAccounts']]]]>
            </line>
            <line>
              <![CDATA[<br>With Value :     800002 Savings
800003 Checking
4539082039396288 Credit Card
     <br> : Passed]]>
            </line>
            <line>
              <![CDATA[<br>Element is selected having locater :  -> xpath: //select[@name='listAccounts']] and Value : 800003]]>
            </line>
            <line>
              <![CDATA[<br>With Value :     800002 Savings
800003 Checking
4539082039396288 Credit Card
     <br> : Passed]]>
            </line>
            <line>
              <![CDATA[<br>Clicked on Element having locater : -> xpath: //input[@id='btnGetAccount']] : Passed]]>
            </line>
            <line>
              <![CDATA[<br>Element is present having locater: -> xpath: //h1[contains(text(),'Account History -')]]]]>
            </line>
            <line>
              <![CDATA[<br>With Value : Account History - 800003 Checking<br> : Passed]]>
            </line>
            <line>
              <![CDATA[<br>Element is present having locater: -> xpath: //h1[contains(text(),'Account History -')]]]]>
            </line>
            <line>
              <![CDATA[<br>With Value : Account History - 800003 Checking<br> : Passed]]>
            </line>
            <line>
              <![CDATA[<br>String contains Today's Date : Ending balance as of 3/13/19 8:40 AM : Passed]]>
            </line>
            <line>
              <![CDATA[<br>String contains Today's Date : Ending balance as of 3/13/19 8:40 AM : Passed]]>
            </line>
            <line>
              <![CDATA[ONLINE_BANKING_HOME_PAGE_TEST : Passed]]>
            </line>
          </reporter-output>
        </test-method> <!-- online_banking_home_page_test -->
        <test-method status="PASS" signature="killMethod(java.lang.reflect.Method, org.testng.ITestResult)[pri:0, instance:assessment_AltoroMutual_Tests.AltoroMutual_Test@4cf777e8]" name="killMethod" is-config="true" duration-ms="39" started-at="2019-03-13T13:40:27Z" finished-at="2019-03-13T13:40:27Z">
          <params>
            <param index="0">
              <value>
                <![CDATA[public void assessment_AltoroMutual_Tests.AltoroMutual_Test.online_banking_home_page_test()]]>
              </value>
            </param>
            <param index="1">
              <value>
                <![CDATA[[TestResult name=online_banking_home_page_test status=SUCCESS method=AltoroMutual_Test.online_banking_home_page_test()[pri:0, instance:assessment_AltoroMutual_Tests.AltoroMutual_Test@4cf777e8] output=<br>Element is present having locater: -> xpath: //select[@name='listAccounts']]]]]>
              </value>
            </param>
          </params>
          <reporter-output>
          </reporter-output>
        </test-method> <!-- killMethod -->
        <test-method status="PASS" signature="startMethod(java.lang.reflect.Method)[pri:0, instance:assessment_AltoroMutual_Tests.AltoroMutual_Test@4cf777e8]" name="startMethod" is-config="true" duration-ms="0" started-at="2019-03-13T13:40:27Z" finished-at="2019-03-13T13:40:27Z">
          <params>
            <param index="0">
              <value>
                <![CDATA[public void assessment_AltoroMutual_Tests.AltoroMutual_Test.transfer_fund_page_test()]]>
              </value>
            </param>
          </params>
          <reporter-output>
          </reporter-output>
        </test-method> <!-- startMethod -->
        <test-method status="PASS" signature="transfer_fund_page_test()[pri:0, instance:assessment_AltoroMutual_Tests.AltoroMutual_Test@4cf777e8]" name="transfer_fund_page_test" duration-ms="1526" started-at="2019-03-13T13:40:27Z" depends-on-methods="assessment_AltoroMutual_Tests.AltoroMutual_Test.online_banking_home_page_test" finished-at="2019-03-13T13:40:28Z">
          <reporter-output>
            <line>
              <![CDATA[<br>Clicked on Element having locater : -> xpath: //a[contains(text(),'Transfer Funds')]] : Passed]]>
            </line>
            <line>
              <![CDATA[<br>Element is present having locater: -> xpath: //h1[contains(text(),'Transfer Funds')]]]]>
            </line>
            <line>
              <![CDATA[<br>With Value : Transfer Funds<br> : Passed]]>
            </line>
            <line>
              <![CDATA[<br>Element is selected having locater :  -> xpath: //select[@id='fromAccount']] and Value : 800003]]>
            </line>
            <line>
              <![CDATA[<br>With Value :     800002 Savings
800003 Checking
4539082039396288 Credit Card
     <br> : Passed]]>
            </line>
            <line>
              <![CDATA[<br>Element is selected having locater :  -> css selector: #toAccount] and Value : 800002]]>
            </line>
            <line>
              <![CDATA[<br>With Value :     800002 Savings
800003 Checking
4539082039396288 Credit Card
     <br> : Passed]]>
            </line>
            <line>
              <![CDATA[Sendkeys performed on Element haveing locater :  -> css selector: #transferAmount]]]>
            </line>
            <line>
              <![CDATA[<br>Clicked on Element having locater : -> xpath: //input[@value='Transfer Money']] : Passed]]>
            </line>
            <line>
              <![CDATA[<br>Element is present having locater: -> xpath: //span[contains(text(),'was successfully transferred from Account')]]]]>
            </line>
            <line>
              <![CDATA[<br>With Value : 1010.0 was successfully transferred from Account 800003 into Account 800002 at 3/13/19 8:40 AM.<br> : Passed]]>
            </line>
            <line>
              <![CDATA[TRANSFER_FUND_PAGE_TEST : Passed]]>
            </line>
          </reporter-output>
        </test-method> <!-- transfer_fund_page_test -->
        <test-method status="PASS" signature="killMethod(java.lang.reflect.Method, org.testng.ITestResult)[pri:0, instance:assessment_AltoroMutual_Tests.AltoroMutual_Test@4cf777e8]" name="killMethod" is-config="true" duration-ms="33" started-at="2019-03-13T13:40:28Z" finished-at="2019-03-13T13:40:28Z">
          <params>
            <param index="0">
              <value>
                <![CDATA[public void assessment_AltoroMutual_Tests.AltoroMutual_Test.transfer_fund_page_test()]]>
              </value>
            </param>
            <param index="1">
              <value>
                <![CDATA[[TestResult name=transfer_fund_page_test status=SUCCESS method=AltoroMutual_Test.transfer_fund_page_test()[pri:0, instance:assessment_AltoroMutual_Tests.AltoroMutual_Test@4cf777e8] output=<br>Clicked on Element having locater : -> xpath: //a[contains(text(),'Transfer Funds')]] : Passed]]]>
              </value>
            </param>
          </params>
          <reporter-output>
          </reporter-output>
        </test-method> <!-- killMethod -->
        <test-method status="PASS" signature="account_information_page_test()[pri:0, instance:assessment_AltoroMutual_Tests.AltoroMutual_Test@4cf777e8]" name="account_information_page_test" duration-ms="3670" started-at="2019-03-13T13:40:28Z" depends-on-methods="assessment_AltoroMutual_Tests.AltoroMutual_Test.transfer_fund_page_test" finished-at="2019-03-13T13:40:32Z">
          <reporter-output>
            <line>
              <![CDATA[<br>Clicked on Element having locater : -> link text: View Account Summary] : Passed]]>
            </line>
            <line>
              <![CDATA[<br>Element is selected having locater :  -> xpath: //select[@name='listAccounts']] and Value : 800003]]>
            </line>
            <line>
              <![CDATA[<br>With Value :     800002 Savings
800003 Checking
4539082039396288 Credit Card
     <br> : Passed]]>
            </line>
            <line>
              <![CDATA[<br>Clicked on Element having locater : -> xpath: //input[@id='btnGetAccount']] : Passed]]>
            </line>
            <line>
              <![CDATA[<br>Transaction Found :  : 2019-03-13      : Withdrawal      : -$1010.00      : Passed]]>
            </line>
            <line>
              <![CDATA[<br>Element is selected having locater :  -> xpath: //select[@name='listAccounts']] and Value : 800002]]>
            </line>
            <line>
              <![CDATA[<br>With Value :        800003 Checking
800002 Savings
4539082039396288 Credit Card
      <br> : Passed]]>
            </line>
            <line>
              <![CDATA[<br>Clicked on Element having locater : -> xpath: //input[@id='btnGetAccount']] : Passed]]>
            </line>
            <line>
              <![CDATA[<br>Transaction Found :  : 2019-03-13      : Deposit      : $1010.00      : Passed]]>
            </line>
            <line>
              <![CDATA[<br>Clicked on Element having locater : -> xpath: //font[contains(text(),'Sign Off')]] : Passed]]>
            </line>
            <line>
              <![CDATA[<br>Element is present having locater: -> xpath: //font[contains(text(),'Sign In')]]]]>
            </line>
            <line>
              <![CDATA[<br>With Value : Sign In<br> : Passed]]>
            </line>
            <line>
              <![CDATA[ACCOUNT_INFORMATION_PAGE_TEST : Passed]]>
            </line>
          </reporter-output>
        </test-method> <!-- account_information_page_test -->
        <test-method status="PASS" signature="startMethod(java.lang.reflect.Method)[pri:0, instance:assessment_AltoroMutual_Tests.AltoroMutual_Test@4cf777e8]" name="startMethod" is-config="true" duration-ms="0" started-at="2019-03-13T13:40:28Z" finished-at="2019-03-13T13:40:28Z">
          <params>
            <param index="0">
              <value>
                <![CDATA[public void assessment_AltoroMutual_Tests.AltoroMutual_Test.account_information_page_test()]]>
              </value>
            </param>
          </params>
          <reporter-output>
          </reporter-output>
        </test-method> <!-- startMethod -->
        <test-method status="PASS" signature="killMethod(java.lang.reflect.Method, org.testng.ITestResult)[pri:0, instance:assessment_AltoroMutual_Tests.AltoroMutual_Test@4cf777e8]" name="killMethod" is-config="true" duration-ms="48" started-at="2019-03-13T13:40:32Z" finished-at="2019-03-13T13:40:32Z">
          <params>
            <param index="0">
              <value>
                <![CDATA[public void assessment_AltoroMutual_Tests.AltoroMutual_Test.account_information_page_test()]]>
              </value>
            </param>
            <param index="1">
              <value>
                <![CDATA[[TestResult name=account_information_page_test status=SUCCESS method=AltoroMutual_Test.account_information_page_test()[pri:0, instance:assessment_AltoroMutual_Tests.AltoroMutual_Test@4cf777e8] output=<br>Clicked on Element having locater : -> link text: View Account Summary] : Passed]]]>
              </value>
            </param>
          </params>
          <reporter-output>
          </reporter-output>
        </test-method> <!-- killMethod -->
        <test-method status="PASS" signature="killClass()[pri:0, instance:assessment_AltoroMutual_Tests.AltoroMutual_Test@4cf777e8]" name="killClass" is-config="true" duration-ms="780" started-at="2019-03-13T13:40:32Z" finished-at="2019-03-13T13:40:33Z">
          <reporter-output>
          </reporter-output>
        </test-method> <!-- killClass -->
        <test-method status="PASS" signature="killResources()[pri:0, instance:assessment_AltoroMutual_Tests.AltoroMutual_Test@4cf777e8]" name="killResources" is-config="true" duration-ms="15" started-at="2019-03-13T13:40:33Z" finished-at="2019-03-13T13:40:33Z">
          <reporter-output>
          </reporter-output>
        </test-method> <!-- killResources -->
      </class> <!-- assessment_AltoroMutual_Tests.AltoroMutual_Test -->
    </test> <!-- Altoro Mutual Test -->
  </suite> <!-- AltoroMutual Automation Execution -->
</testng-results>
