<?xml version="1.0" encoding="UTF-8"?>
<!-- Generated by org.testng.reporters.JUnitXMLReporter -->
<testsuite hostname="WKWIN1512713" ignored="0" name="Altoro Mutual Test" tests="4" failures="0" timestamp="09 Mar 2019 18:44:03 GMT" time="26.962" errors="0">
  <testcase name="login_page_test" time="12.726" classname="assessment_AltoroMutual_Tests.AltoroMutual_Test"/>
  <testcase name="online_banking_home_page_test" time="1.98" classname="assessment_AltoroMutual_Tests.AltoroMutual_Test"/>
  <testcase name="transfer_fund_page_test" time="1.404" classname="assessment_AltoroMutual_Tests.AltoroMutual_Test"/>
  <testcase name="account_information_page_test" time="3.727" classname="assessment_AltoroMutual_Tests.AltoroMutual_Test"/>
</testsuite> <!-- Altoro Mutual Test -->
