<?xml version="1.0" encoding="UTF-8"?>
<testng-results skipped="0" failed="1" ignored="0" total="2" passed="1">
  <reporter-output>
  </reporter-output>
  <suite name="My Suite1" duration-ms="76960" started-at="2019-02-21T07:29:39Z" finished-at="2019-02-21T07:30:56Z">
    <groups>
    </groups>
    <test name="My Test1" duration-ms="76960" started-at="2019-02-21T07:29:39Z" finished-at="2019-02-21T07:30:56Z">
      <class name="org.demo.selenium.test.MercuryTest">
        <test-method status="PASS" signature="setUpResources()[pri:0, instance:org.demo.selenium.test.MercuryTest@6a4f787b]" name="setUpResources" is-config="true" duration-ms="186" started-at="2019-02-21T07:29:39Z" finished-at="2019-02-21T07:29:39Z">
          <reporter-output>
          </reporter-output>
        </test-method> <!-- setUpResources -->
        <test-method status="PASS" signature="startClass()[pri:0, instance:org.demo.selenium.test.MercuryTest@6a4f787b]" name="startClass" is-config="true" duration-ms="34" started-at="2019-02-21T07:29:39Z" finished-at="2019-02-21T07:29:39Z">
          <reporter-output>
          </reporter-output>
        </test-method> <!-- startClass -->
        <test-method status="PASS" signature="startMethod(java.lang.reflect.Method)[pri:0, instance:org.demo.selenium.test.MercuryTest@6a4f787b]" name="startMethod" is-config="true" duration-ms="6991" started-at="2019-02-21T07:29:39Z" finished-at="2019-02-21T07:29:46Z">
          <params>
            <param index="0">
              <value>
                <![CDATA[public void org.demo.selenium.test.MercuryTest.InvalidLoginToMercury() throws java.lang.InterruptedException]]>
              </value>
            </param>
          </params>
          <reporter-output>
          </reporter-output>
        </test-method> <!-- startMethod -->
        <test-method status="FAIL" signature="InvalidLoginToMercury()[pri:0, instance:org.demo.selenium.test.MercuryTest@6a4f787b]" name="InvalidLoginToMercury" duration-ms="11782" started-at="2019-02-21T07:29:46Z" finished-at="2019-02-21T07:29:58Z">
          <exception class="java.lang.NullPointerException">
            <full-stacktrace>
              <![CDATA[java.lang.NullPointerException
at org.demo.selenium.pages.MercuryFindFlightPage.validateMercuryFindFlightPage(MercuryFindFlightPage.java:40)
at org.demo.selenium.test.MercuryTest.InvalidLoginToMercury(MercuryTest.java:37)
at sun.reflect.NativeMethodAccessorImpl.invoke0(Native Method)
at sun.reflect.NativeMethodAccessorImpl.invoke(NativeMethodAccessorImpl.java:62)
at sun.reflect.DelegatingMethodAccessorImpl.invoke(DelegatingMethodAccessorImpl.java:43)
at java.lang.reflect.Method.invoke(Method.java:498)
at org.testng.internal.MethodInvocationHelper.invokeMethod(MethodInvocationHelper.java:124)
at org.testng.internal.Invoker.invokeMethod(Invoker.java:580)
at org.testng.internal.Invoker.invokeTestMethod(Invoker.java:716)
at org.testng.internal.Invoker.invokeTestMethods(Invoker.java:988)
at org.testng.internal.TestMethodWorker.invokeTestMethods(TestMethodWorker.java:125)
at org.testng.internal.TestMethodWorker.run(TestMethodWorker.java:109)
at org.testng.TestRunner.privateRun(TestRunner.java:648)
at org.testng.TestRunner.run(TestRunner.java:505)
at org.testng.SuiteRunner.runTest(SuiteRunner.java:455)
at org.testng.SuiteRunner.runSequentially(SuiteRunner.java:450)
at org.testng.SuiteRunner.privateRun(SuiteRunner.java:415)
at org.testng.SuiteRunner.run(SuiteRunner.java:364)
at org.testng.SuiteRunnerWorker.runSuite(SuiteRunnerWorker.java:52)
at org.testng.SuiteRunnerWorker.run(SuiteRunnerWorker.java:84)
at org.testng.TestNG.runSuitesSequentially(TestNG.java:1208)
at org.testng.TestNG.runSuitesLocally(TestNG.java:1137)
at org.testng.TestNG.runSuites(TestNG.java:1049)
at org.testng.TestNG.run(TestNG.java:1017)
at org.testng.remote.AbstractRemoteTestNG.run(AbstractRemoteTestNG.java:114)
at org.testng.remote.RemoteTestNG.initAndRun(RemoteTestNG.java:251)
at org.testng.remote.RemoteTestNG.main(RemoteTestNG.java:77)
]]>
            </full-stacktrace>
          </exception> <!-- java.lang.NullPointerException -->
          <reporter-output>
          </reporter-output>
        </test-method> <!-- InvalidLoginToMercury -->
        <test-method status="PASS" signature="killMethod(java.lang.reflect.Method, org.testng.ITestResult)[pri:0, instance:org.demo.selenium.test.MercuryTest@6a4f787b]" name="killMethod" is-config="true" duration-ms="1134" started-at="2019-02-21T07:29:58Z" finished-at="2019-02-21T07:29:59Z">
          <params>
            <param index="0">
              <value>
                <![CDATA[public void org.demo.selenium.test.MercuryTest.InvalidLoginToMercury() throws java.lang.InterruptedException]]>
              </value>
            </param>
            <param index="1">
              <value>
                <![CDATA[[TestResult name=InvalidLoginToMercury status=FAILURE method=MercuryTest.InvalidLoginToMercury()[pri:0, instance:org.demo.selenium.test.MercuryTest@6a4f787b] output={null}]]]>
              </value>
            </param>
          </params>
          <reporter-output>
          </reporter-output>
        </test-method> <!-- killMethod -->
        <test-method status="PASS" signature="startMethod(java.lang.reflect.Method)[pri:0, instance:org.demo.selenium.test.MercuryTest@6a4f787b]" name="startMethod" is-config="true" duration-ms="6957" started-at="2019-02-21T07:29:59Z" finished-at="2019-02-21T07:30:06Z">
          <params>
            <param index="0">
              <value>
                <![CDATA[public void org.demo.selenium.test.MercuryTest.ValidLoginToMercury() throws java.lang.InterruptedException]]>
              </value>
            </param>
          </params>
          <reporter-output>
          </reporter-output>
        </test-method> <!-- startMethod -->
        <test-method status="PASS" signature="ValidLoginToMercury()[pri:0, instance:org.demo.selenium.test.MercuryTest@6a4f787b]" name="ValidLoginToMercury" duration-ms="48917" started-at="2019-02-21T07:30:06Z" finished-at="2019-02-21T07:30:55Z">
          <reporter-output>
          </reporter-output>
        </test-method> <!-- ValidLoginToMercury -->
        <test-method status="PASS" signature="killMethod(java.lang.reflect.Method, org.testng.ITestResult)[pri:0, instance:org.demo.selenium.test.MercuryTest@6a4f787b]" name="killMethod" is-config="true" duration-ms="803" started-at="2019-02-21T07:30:55Z" finished-at="2019-02-21T07:30:56Z">
          <params>
            <param index="0">
              <value>
                <![CDATA[public void org.demo.selenium.test.MercuryTest.ValidLoginToMercury() throws java.lang.InterruptedException]]>
              </value>
            </param>
            <param index="1">
              <value>
                <![CDATA[[TestResult name=ValidLoginToMercury status=SUCCESS method=MercuryTest.ValidLoginToMercury()[pri:0, instance:org.demo.selenium.test.MercuryTest@6a4f787b] output={null}]]]>
              </value>
            </param>
          </params>
          <reporter-output>
          </reporter-output>
        </test-method> <!-- killMethod -->
        <test-method status="PASS" signature="killClass()[pri:0, instance:org.demo.selenium.test.MercuryTest@6a4f787b]" name="killClass" is-config="true" duration-ms="0" started-at="2019-02-21T07:30:56Z" finished-at="2019-02-21T07:30:56Z">
          <reporter-output>
          </reporter-output>
        </test-method> <!-- killClass -->
        <test-method status="PASS" signature="killResources()[pri:0, instance:org.demo.selenium.test.MercuryTest@6a4f787b]" name="killResources" is-config="true" duration-ms="0" started-at="2019-02-21T07:30:56Z" finished-at="2019-02-21T07:30:56Z">
          <reporter-output>
          </reporter-output>
        </test-method> <!-- killResources -->
      </class> <!-- org.demo.selenium.test.MercuryTest -->
    </test> <!-- My Test1 -->
  </suite> <!-- My Suite1 -->
</testng-results>
